# JRE version: Java(TM) SE Runtime Environment 18.9 (11.0.15+8) (build 11.0.15+8-LTS-149)
# Java VM: Java HotSpot(TM) 64-Bit Server VM 18.9 (11.0.15+8-LTS-149, mixed mode, tiered, compressed oops, g1 gc, windows-amd64)
Heap:
 garbage-first heap   total 234496K, used 57184K [0x0000000080000000, 0x0000000100000000)
  region size 1024K, 27 young (27648K), 8 survivors (8192K)
 Metaspace       used 71874K, capacity 73348K, committed 73464K, reserved 1114112K
  class space    used 8636K, capacity 9245K, committed 9292K, reserved 1048576K
GC Heap History (10 events):
Event: 11.049 GC heap before
{Heap before GC invocations=11 (full 0):
 garbage-first heap   total 189440K, used 106836K [0x0000000080000000, 0x0000000100000000)
  region size 1024K, 92 young (94208K), 10 survivors (10240K)
 Metaspace       used 47197K, capacity 48238K, committed 48384K, reserved 1091584K
  class space    used 5627K, capacity 6053K, committed 6144K, reserved 1048576K
}
Event: 11.086 GC heap after
{Heap after GC invocations=12 (full 0):
 garbage-first heap   total 189440K, used 27337K [0x0000000080000000, 0x0000000100000000)
  region size 1024K, 4 young (4096K), 4 survivors (4096K)
 Metaspace       used 47197K, capacity 48238K, committed 48384K, reserved 1091584K
  class space    used 5627K, capacity 6053K, committed 6144K, reserved 1048576K
}
Event: 14.264 GC heap before
{Heap before GC invocations=12 (full 0):
 garbage-first heap   total 189440K, used 120521K [0x0000000080000000, 0x0000000100000000)
  region size 1024K, 95 young (97280K), 4 survivors (4096K)
 Metaspace       used 56630K, capacity 57896K, committed 58112K, reserved 1099776K
  class space    used 7013K, capacity 7555K, committed 7680K, reserved 1048576K
}
Event: 14.290 GC heap after
{Heap after GC invocations=13 (full 0):
 garbage-first heap   total 189440K, used 31945K [0x0000000080000000, 0x0000000100000000)
  region size 1024K, 9 young (9216K), 9 survivors (9216K)
 Metaspace       used 56630K, capacity 57896K, committed 58112K, reserved 1099776K
  class space    used 7013K, capacity 7555K, committed 7680K, reserved 1048576K
}
Event: 14.618 GC heap before
{Heap before GC invocations=13 (full 0):
 garbage-first heap   total 189440K, used 41161K [0x0000000080000000, 0x0000000100000000)
  region size 1024K, 19 young (19456K), 9 survivors (9216K)
 Metaspace       used 58595K, capacity 59843K, committed 59948K, reserved 1101824K
  class space    used 7277K, capacity 7800K, committed 7808K, reserved 1048576K
}
Event: 14.644 GC heap after
{Heap after GC invocations=14 (full 0):
 garbage-first heap   total 189440K, used 32193K [0x0000000080000000, 0x0000000100000000)
  region size 1024K, 6 young (6144K), 6 survivors (6144K)
 Metaspace       used 58595K, capacity 59843K, committed 59948K, reserved 1101824K
  class space    used 7277K, capacity 7800K, committed 7808K, reserved 1048576K
}
Event: 108.915 GC heap before
{Heap before GC invocations=15 (full 0):
 garbage-first heap   total 189440K, used 139713K [0x0000000080000000, 0x0000000100000000)
  region size 1024K, 111 young (113664K), 6 survivors (6144K)
 Metaspace       used 68714K, capacity 70162K, committed 70264K, reserved 1110016K
  class space    used 8579K, capacity 9148K, committed 9164K, reserved 1048576K
}
Event: 108.950 GC heap after
{Heap after GC invocations=16 (full 0):
 garbage-first heap   total 234496K, used 37313K [0x0000000080000000, 0x0000000100000000)
  region size 1024K, 11 young (11264K), 11 survivors (11264K)
 Metaspace       used 68714K, capacity 70162K, committed 70264K, reserved 1110016K
  class space    used 8579K, capacity 9148K, committed 9164K, reserved 1048576K
}
Event: 4577.619 GC heap before
{Heap before GC invocations=16 (full 0):
 garbage-first heap   total 234496K, used 165313K [0x0000000080000000, 0x0000000100000000)
  region size 1024K, 136 young (139264K), 11 survivors (11264K)
 Metaspace       used 71820K, capacity 73348K, committed 73464K, reserved 1114112K
  class space    used 8634K, capacity 9245K, committed 9292K, reserved 1048576K
}
Event: 4577.699 GC heap after
{Heap after GC invocations=17 (full 0):
 garbage-first heap   total 234496K, used 38752K [0x0000000080000000, 0x0000000100000000)
  region size 1024K, 8 young (8192K), 8 survivors (8192K)
 Metaspace       used 71820K, capacity 73348K, committed 73464K, reserved 1114112K
  class space    used 8634K, capacity 9245K, committed 9292K, reserved 1048576K
}

